Build started 3/21/2015 3:03:58 AM.
     1>Project "E:\Microsoft Visual Studio 2013\Progects\MyRss\MyRss\MyRss.vcxproj" on node 2 (Build target(s)).
     1>ClCompile:
         E:\Microsoft Visual Studio 2013\VC\bin\CL.exe /c /ZI /nologo /W3 /WX- /sdl /Od /Oy- /D WIN32 /D _DEBUG /D _WINDOWS /D _UNICODE /D UNICODE /Gm /EHsc /RTC1 /MDd /GS /fp:precise /Zc:wchar_t /Zc:forScope /Fo"Debug\\" /Fd"Debug\vc120.pdb" /Gd /TP /analyze- /errorReport:prompt AppWelcomeDlg.cpp DeskTopSingleLrcDlg.cpp DeskTopSingleLrcDlgF.cpp FileEncode.cpp InitMusicPlayer.cpp InitRssReader.cpp MainDlg.cpp MainDlgFunc.cpp MusicFunction.cpp MusicMessage.cpp MusicTabDlg.cpp MusicVolumeDlg.cpp RssFunction.cpp RssMessage.cpp RssSearchMsgDlg.cpp RssTabDlg.cpp SearchEditDlg.cpp SearchRssItemDlg.cpp tinystr.cpp tinyxml.cpp tinyxmlerror.cpp tinyxmlparser.cpp
         tinyxmlparser.cpp
         tinyxmlerror.cpp
         tinyxml.cpp
         tinystr.cpp
         SearchRssItemDlg.cpp
         SearchEditDlg.cpp
         RssTabDlg.cpp
         RssSearchMsgDlg.cpp
         RssMessage.cpp
         RssFunction.cpp
     1>e:\microsoft visual studio 2013\progects\myrss\myrss\rssfunction.cpp(331): warning C4018: '<' : signed/unsigned mismatch
         MusicVolumeDlg.cpp
         MusicTabDlg.cpp
     1>e:\microsoft visual studio 2013\progects\myrss\myrss\musictabdlg.cpp(65): warning C4018: '<' : signed/unsigned mismatch
         MusicMessage.cpp
     1>e:\microsoft visual studio 2013\progects\myrss\myrss\musicmessage.cpp(143): warning C4018: '>=' : signed/unsigned mismatch
     1>e:\microsoft visual studio 2013\progects\myrss\myrss\musicmessage.cpp(684): warning C4018: '<' : signed/unsigned mismatch
     1>e:\microsoft visual studio 2013\progects\myrss\myrss\musicmessage.cpp(686): warning C4018: '<' : signed/unsigned mismatch
         MusicFunction.cpp
     1>e:\microsoft visual studio 2013\progects\myrss\myrss\musicfunction.cpp(80): warning C4018: '>=' : signed/unsigned mismatch
     1>e:\microsoft visual studio 2013\progects\myrss\myrss\musicfunction.cpp(89): warning C4018: '>=' : signed/unsigned mismatch
     1>e:\microsoft visual studio 2013\progects\myrss\myrss\musicfunction.cpp(170): warning C4018: '<' : signed/unsigned mismatch
     1>e:\microsoft visual studio 2013\progects\myrss\myrss\musicfunction.cpp(212): warning C4018: '<' : signed/unsigned mismatch
         MainDlgFunc.cpp
         MainDlg.cpp
         InitRssReader.cpp
         InitMusicPlayer.cpp
         FileEncode.cpp
         DeskTopSingleLrcDlgF.cpp
         Generating Code...
         Compiling...
         DeskTopSingleLrcDlg.cpp
     1>e:\microsoft visual studio 2013\progects\myrss\myrss\desktopsinglelrcdlg.cpp(187): warning C4018: '>=' : signed/unsigned mismatch
     1>e:\microsoft visual studio 2013\progects\myrss\myrss\desktopsinglelrcdlg.cpp(196): warning C4018: '>=' : signed/unsigned mismatch
     1>e:\microsoft visual studio 2013\progects\myrss\myrss\desktopsinglelrcdlg.cpp(200): warning C4018: '<' : signed/unsigned mismatch
         AppWelcomeDlg.cpp
         Generating Code...
       ResourceCompile:
         C:\Program Files (x86)\Windows Kits\8.1\bin\x86\rc.exe /D _UNICODE /D UNICODE /l"0x0409" /nologo /fo"Debug\MyRss.res" MyRss.rc 
       Link:
         E:\Microsoft Visual Studio 2013\VC\bin\link.exe /ERRORREPORT:PROMPT /OUT:"E:\Microsoft Visual Studio 2013\Progects\MyRss\Debug\MyRss.exe" /INCREMENTAL /NOLOGO Urlmon.lib Winmm.lib comctl32.lib kernel32.lib user32.lib gdi32.lib winspool.lib comdlg32.lib advapi32.lib shell32.lib ole32.lib oleaut32.lib uuid.lib odbc32.lib odbccp32.lib kernel32.lib user32.lib gdi32.lib winspool.lib comdlg32.lib advapi32.lib shell32.lib ole32.lib oleaut32.lib uuid.lib odbc32.lib odbccp32.lib /MANIFEST /MANIFESTUAC:"level='asInvoker' uiAccess='false'" /manifest:embed /DEBUG /PDB:"E:\Microsoft Visual Studio 2013\Progects\MyRss\Debug\MyRss.pdb" /SUBSYSTEM:WINDOWS /TLBID:1 /DYNAMICBASE /NXCOMPAT /IMPLIB:"E:\Microsoft Visual Studio 2013\Progects\MyRss\Debug\MyRss.lib" /MACHINE:X86 Debug\MyRss.res
         Debug\AppWelcomeDlg.obj
         Debug\DeskTopSingleLrcDlg.obj
         Debug\DeskTopSingleLrcDlgF.obj
         Debug\FileEncode.obj
         Debug\InitMusicPlayer.obj
         Debug\InitRssReader.obj
         Debug\MainDlg.obj
         Debug\MainDlgFunc.obj
         Debug\MusicFunction.obj
         Debug\MusicMessage.obj
         Debug\MusicTabDlg.obj
         Debug\MusicVolumeDlg.obj
         Debug\RssFunction.obj
         Debug\RssMessage.obj
         Debug\RssSearchMsgDlg.obj
         Debug\RssTabDlg.obj
         Debug\SearchEditDlg.obj
         Debug\SearchRssItemDlg.obj
         Debug\tinystr.obj
         Debug\tinyxml.obj
         Debug\tinyxmlerror.obj
         Debug\tinyxmlparser.obj
         MyRss.vcxproj -> E:\Microsoft Visual Studio 2013\Progects\MyRss\Debug\MyRss.exe
     1>Done Building Project "E:\Microsoft Visual Studio 2013\Progects\MyRss\MyRss\MyRss.vcxproj" (Build target(s)).

Build succeeded.

Time Elapsed 00:02:14.05
